{"D:\\Study_React_2024\\edureka_akash_react_classes\\ReactTesting\\learn-react-testing\\src\\App.tsx": {"path":"D:\\Study_React_2024\\edureka_akash_react_classes\\ReactTesting\\learn-react-testing\\src\\App.tsx","all":true,"statementMap":{"0":{"start":{"line":1,"column":0},"end":{"line":1,"column":19}},"3":{"start":{"line":4,"column":0},"end":{"line":4,"column":50}},"5":{"start":{"line":6,"column":0},"end":{"line":6,"column":16}},"7":{"start":{"line":8,"column":0},"end":{"line":8,"column":10}},"8":{"start":{"line":9,"column":0},"end":{"line":9,"column":6}},"9":{"start":{"line":10,"column":0},"end":{"line":10,"column":28}},"11":{"start":{"line":12,"column":0},"end":{"line":12,"column":19}},"12":{"start":{"line":13,"column":0},"end":{"line":13,"column":12}},"13":{"start":{"line":14,"column":0},"end":{"line":14,"column":7}},"15":{"start":{"line":16,"column":0},"end":{"line":16,"column":1}},"17":{"start":{"line":18,"column":0},"end":{"line":18,"column":18}}},"s":{"0":0,"3":0,"5":0,"7":0,"8":0,"9":0,"11":0,"12":0,"13":0,"15":0,"17":0},"branchMap":{"0":{"type":"branch","line":1,"loc":{"start":{"line":1,"column":375},"end":{"line":18,"column":18}},"locations":[{"start":{"line":1,"column":375},"end":{"line":18,"column":18}}]}},"b":{"0":[0]},"fnMap":{"0":{"name":"(empty-report)","decl":{"start":{"line":1,"column":375},"end":{"line":18,"column":18}},"loc":{"start":{"line":1,"column":375},"end":{"line":18,"column":18}},"line":1}},"f":{"0":0}}
,"D:\\Study_React_2024\\edureka_akash_react_classes\\ReactTesting\\learn-react-testing\\src\\main.tsx": {"path":"D:\\Study_React_2024\\edureka_akash_react_classes\\ReactTesting\\learn-react-testing\\src\\main.tsx","all":true,"statementMap":{"0":{"start":{"line":1,"column":0},"end":{"line":1,"column":45}},"1":{"start":{"line":2,"column":0},"end":{"line":2,"column":20}},"2":{"start":{"line":3,"column":0},"end":{"line":3,"column":27}},"4":{"start":{"line":5,"column":0},"end":{"line":5,"column":52}},"5":{"start":{"line":6,"column":0},"end":{"line":6,"column":11}},"6":{"start":{"line":7,"column":0},"end":{"line":7,"column":1}}},"s":{"0":0,"1":0,"2":0,"4":0,"5":0,"6":0},"branchMap":{"0":{"type":"branch","line":1,"loc":{"start":{"line":1,"column":153},"end":{"line":7,"column":-116}},"locations":[{"start":{"line":1,"column":153},"end":{"line":7,"column":-116}}]}},"b":{"0":[0]},"fnMap":{"0":{"name":"(empty-report)","decl":{"start":{"line":1,"column":153},"end":{"line":7,"column":-116}},"loc":{"start":{"line":1,"column":153},"end":{"line":7,"column":-116}},"line":1}},"f":{"0":0}}
,"D:\\Study_React_2024\\edureka_akash_react_classes\\ReactTesting\\learn-react-testing\\src\\components\\Application\\Application.tsx": {"path":"D:\\Study_React_2024\\edureka_akash_react_classes\\ReactTesting\\learn-react-testing\\src\\components\\Application\\Application.tsx","all":false,"statementMap":{"0":{"start":{"line":1,"column":0},"end":{"line":1,"column":27}},"1":{"start":{"line":2,"column":0},"end":{"line":2,"column":10}},"2":{"start":{"line":3,"column":0},"end":{"line":3,"column":6}},"3":{"start":{"line":4,"column":0},"end":{"line":4,"column":35}},"4":{"start":{"line":5,"column":0},"end":{"line":5,"column":24}},"5":{"start":{"line":6,"column":0},"end":{"line":6,"column":37}},"6":{"start":{"line":7,"column":0},"end":{"line":7,"column":34}},"7":{"start":{"line":8,"column":0},"end":{"line":8,"column":80}},"8":{"start":{"line":9,"column":0},"end":{"line":9,"column":65}},"9":{"start":{"line":10,"column":0},"end":{"line":10,"column":12}},"10":{"start":{"line":11,"column":0},"end":{"line":11,"column":13}},"11":{"start":{"line":12,"column":0},"end":{"line":12,"column":44}},"12":{"start":{"line":13,"column":0},"end":{"line":13,"column":16}},"13":{"start":{"line":14,"column":0},"end":{"line":14,"column":23}},"14":{"start":{"line":15,"column":0},"end":{"line":15,"column":21}},"15":{"start":{"line":16,"column":0},"end":{"line":16,"column":34}},"16":{"start":{"line":17,"column":0},"end":{"line":17,"column":24}},"17":{"start":{"line":18,"column":0},"end":{"line":18,"column":31}},"18":{"start":{"line":19,"column":0},"end":{"line":19,"column":12}},"19":{"start":{"line":20,"column":0},"end":{"line":20,"column":14}},"20":{"start":{"line":21,"column":0},"end":{"line":21,"column":13}},"21":{"start":{"line":22,"column":0},"end":{"line":22,"column":42}},"22":{"start":{"line":23,"column":0},"end":{"line":23,"column":52}},"23":{"start":{"line":24,"column":0},"end":{"line":24,"column":14}},"24":{"start":{"line":25,"column":0},"end":{"line":25,"column":13}},"25":{"start":{"line":26,"column":0},"end":{"line":26,"column":60}},"26":{"start":{"line":27,"column":0},"end":{"line":27,"column":36}},"27":{"start":{"line":28,"column":0},"end":{"line":28,"column":54}},"28":{"start":{"line":29,"column":0},"end":{"line":29,"column":53}},"29":{"start":{"line":30,"column":0},"end":{"line":30,"column":54}},"30":{"start":{"line":31,"column":0},"end":{"line":31,"column":46}},"31":{"start":{"line":32,"column":0},"end":{"line":32,"column":45}},"32":{"start":{"line":33,"column":0},"end":{"line":33,"column":49}},"33":{"start":{"line":34,"column":0},"end":{"line":34,"column":19}},"34":{"start":{"line":35,"column":0},"end":{"line":35,"column":14}},"35":{"start":{"line":36,"column":0},"end":{"line":36,"column":13}},"36":{"start":{"line":37,"column":0},"end":{"line":37,"column":17}},"37":{"start":{"line":38,"column":0},"end":{"line":38,"column":73}},"39":{"start":{"line":40,"column":0},"end":{"line":40,"column":18}},"40":{"start":{"line":41,"column":0},"end":{"line":41,"column":14}},"41":{"start":{"line":42,"column":0},"end":{"line":42,"column":40}},"42":{"start":{"line":43,"column":0},"end":{"line":43,"column":13}},"43":{"start":{"line":44,"column":0},"end":{"line":44,"column":7}},"45":{"start":{"line":46,"column":0},"end":{"line":46,"column":1}},"47":{"start":{"line":48,"column":0},"end":{"line":48,"column":27}}},"s":{"0":1,"1":1,"2":1,"3":1,"4":1,"5":1,"6":1,"7":1,"8":1,"9":1,"10":1,"11":1,"12":1,"13":1,"14":1,"15":1,"16":1,"17":1,"18":1,"19":1,"20":1,"21":1,"22":1,"23":1,"24":1,"25":1,"26":1,"27":1,"28":1,"29":1,"30":1,"31":1,"32":1,"33":1,"34":1,"35":1,"36":1,"37":1,"39":1,"40":1,"41":1,"42":1,"43":1,"45":1,"47":1},"branchMap":{"0":{"type":"branch","line":1,"loc":{"start":{"line":1,"column":20},"end":{"line":46,"column":1}},"locations":[{"start":{"line":1,"column":20},"end":{"line":46,"column":1}}]}},"b":{"0":[1]},"fnMap":{"0":{"name":"Application","decl":{"start":{"line":1,"column":20},"end":{"line":46,"column":1}},"loc":{"start":{"line":1,"column":20},"end":{"line":46,"column":1}},"line":1},"1":{"name":"onChange","decl":{"start":{"line":18,"column":22},"end":{"line":18,"column":31}},"loc":{"start":{"line":18,"column":22},"end":{"line":18,"column":31}},"line":18}},"f":{"0":1,"1":0}}
,"D:\\Study_React_2024\\edureka_akash_react_classes\\ReactTesting\\learn-react-testing\\src\\components\\Counter\\Counter.tsx": {"path":"D:\\Study_React_2024\\edureka_akash_react_classes\\ReactTesting\\learn-react-testing\\src\\components\\Counter\\Counter.tsx","all":false,"statementMap":{"0":{"start":{"line":1,"column":0},"end":{"line":1,"column":33}},"2":{"start":{"line":3,"column":0},"end":{"line":3,"column":23}},"3":{"start":{"line":4,"column":0},"end":{"line":4,"column":40}},"4":{"start":{"line":5,"column":0},"end":{"line":5,"column":43}},"5":{"start":{"line":6,"column":0},"end":{"line":6,"column":11}},"6":{"start":{"line":7,"column":0},"end":{"line":7,"column":13}},"7":{"start":{"line":8,"column":0},"end":{"line":8,"column":28}},"8":{"start":{"line":9,"column":0},"end":{"line":9,"column":73}},"10":{"start":{"line":11,"column":0},"end":{"line":11,"column":33}},"11":{"start":{"line":12,"column":0},"end":{"line":12,"column":30}},"12":{"start":{"line":13,"column":0},"end":{"line":13,"column":31}},"13":{"start":{"line":14,"column":0},"end":{"line":14,"column":71}},"14":{"start":{"line":15,"column":0},"end":{"line":15,"column":69}},"15":{"start":{"line":16,"column":0},"end":{"line":16,"column":14}},"17":{"start":{"line":18,"column":0},"end":{"line":18,"column":1}},"19":{"start":{"line":20,"column":0},"end":{"line":20,"column":23}}},"s":{"0":1,"2":1,"3":9,"4":9,"5":9,"6":9,"7":9,"8":9,"10":9,"11":9,"12":9,"13":9,"14":9,"15":9,"17":9,"19":1},"branchMap":{"0":{"type":"branch","line":3,"loc":{"start":{"line":3,"column":16},"end":{"line":18,"column":1}},"locations":[{"start":{"line":3,"column":16},"end":{"line":18,"column":1}}]},"1":{"type":"branch","line":9,"loc":{"start":{"line":9,"column":29},"end":{"line":9,"column":55}},"locations":[{"start":{"line":9,"column":29},"end":{"line":9,"column":55}}]},"2":{"type":"branch","line":14,"loc":{"start":{"line":14,"column":26},"end":{"line":14,"column":69}},"locations":[{"start":{"line":14,"column":26},"end":{"line":14,"column":69}}]},"3":{"type":"branch","line":15,"loc":{"start":{"line":15,"column":33},"end":{"line":15,"column":57}},"locations":[{"start":{"line":15,"column":33},"end":{"line":15,"column":57}}]}},"b":{"0":[9],"1":[1],"2":[2],"3":[1]},"fnMap":{"0":{"name":"Counter","decl":{"start":{"line":3,"column":16},"end":{"line":18,"column":1}},"loc":{"start":{"line":3,"column":16},"end":{"line":18,"column":1}},"line":3},"1":{"name":"onClick","decl":{"start":{"line":9,"column":29},"end":{"line":9,"column":55}},"loc":{"start":{"line":9,"column":29},"end":{"line":9,"column":55}},"line":9},"2":{"name":"onChange","decl":{"start":{"line":14,"column":26},"end":{"line":14,"column":69}},"loc":{"start":{"line":14,"column":26},"end":{"line":14,"column":69}},"line":14},"3":{"name":"onClick","decl":{"start":{"line":15,"column":33},"end":{"line":15,"column":57}},"loc":{"start":{"line":15,"column":33},"end":{"line":15,"column":57}},"line":15}},"f":{"0":9,"1":1,"2":2,"3":1}}
,"D:\\Study_React_2024\\edureka_akash_react_classes\\ReactTesting\\learn-react-testing\\src\\components\\Greet\\Greet.tsx": {"path":"D:\\Study_React_2024\\edureka_akash_react_classes\\ReactTesting\\learn-react-testing\\src\\components\\Greet\\Greet.tsx","all":false,"statementMap":{"3":{"start":{"line":4,"column":0},"end":{"line":4,"column":38}},"4":{"start":{"line":5,"column":0},"end":{"line":5,"column":11}},"5":{"start":{"line":6,"column":0},"end":{"line":6,"column":37}},"7":{"start":{"line":8,"column":0},"end":{"line":8,"column":1}},"9":{"start":{"line":10,"column":0},"end":{"line":10,"column":21}}},"s":{"3":1,"4":4,"5":4,"7":4,"9":1},"branchMap":{"0":{"type":"branch","line":4,"loc":{"start":{"line":4,"column":14},"end":{"line":8,"column":1}},"locations":[{"start":{"line":4,"column":14},"end":{"line":8,"column":1}}]}},"b":{"0":[4]},"fnMap":{"0":{"name":"Greet","decl":{"start":{"line":4,"column":14},"end":{"line":8,"column":1}},"loc":{"start":{"line":4,"column":14},"end":{"line":8,"column":1}},"line":4}},"f":{"0":4}}
,"D:\\Study_React_2024\\edureka_akash_react_classes\\ReactTesting\\learn-react-testing\\src\\components\\Skills\\Skills.tsx": {"path":"D:\\Study_React_2024\\edureka_akash_react_classes\\ReactTesting\\learn-react-testing\\src\\components\\Skills\\Skills.tsx","all":false,"statementMap":{"1":{"start":{"line":2,"column":0},"end":{"line":2,"column":44}},"3":{"start":{"line":4,"column":0},"end":{"line":4,"column":40}},"4":{"start":{"line":5,"column":0},"end":{"line":5,"column":27}},"5":{"start":{"line":6,"column":0},"end":{"line":6,"column":54}},"7":{"start":{"line":8,"column":0},"end":{"line":8,"column":17}},"8":{"start":{"line":9,"column":0},"end":{"line":9,"column":20}},"9":{"start":{"line":10,"column":0},"end":{"line":10,"column":25}},"10":{"start":{"line":11,"column":0},"end":{"line":11,"column":12}},"11":{"start":{"line":12,"column":0},"end":{"line":12,"column":8}},"13":{"start":{"line":14,"column":0},"end":{"line":14,"column":10}},"14":{"start":{"line":15,"column":0},"end":{"line":15,"column":6}},"15":{"start":{"line":16,"column":0},"end":{"line":16,"column":10}},"16":{"start":{"line":17,"column":0},"end":{"line":17,"column":32}},"17":{"start":{"line":18,"column":0},"end":{"line":18,"column":45}},"18":{"start":{"line":19,"column":0},"end":{"line":19,"column":11}},"19":{"start":{"line":20,"column":0},"end":{"line":20,"column":11}},"20":{"start":{"line":21,"column":0},"end":{"line":21,"column":21}},"21":{"start":{"line":22,"column":0},"end":{"line":22,"column":44}},"22":{"start":{"line":23,"column":0},"end":{"line":23,"column":72}},"24":{"start":{"line":25,"column":0},"end":{"line":25,"column":7}},"26":{"start":{"line":27,"column":0},"end":{"line":27,"column":1}},"28":{"start":{"line":29,"column":0},"end":{"line":29,"column":22}}},"s":{"1":1,"3":1,"4":6,"5":6,"7":6,"8":5,"9":5,"10":5,"11":6,"13":6,"14":6,"15":6,"16":6,"17":18,"18":6,"19":6,"20":6,"21":1,"22":5,"24":6,"26":6,"28":1},"branchMap":{"0":{"type":"branch","line":4,"loc":{"start":{"line":4,"column":15},"end":{"line":27,"column":1}},"locations":[{"start":{"line":4,"column":15},"end":{"line":27,"column":1}}]},"1":{"type":"branch","line":21,"loc":{"start":{"line":21,"column":7},"end":{"line":22,"column":44}},"locations":[{"start":{"line":21,"column":7},"end":{"line":22,"column":44}}]},"2":{"type":"branch","line":22,"loc":{"start":{"line":22,"column":34},"end":{"line":23,"column":72}},"locations":[{"start":{"line":22,"column":34},"end":{"line":23,"column":72}}]},"3":{"type":"branch","line":8,"loc":{"start":{"line":8,"column":12},"end":{"line":12,"column":4}},"locations":[{"start":{"line":8,"column":12},"end":{"line":12,"column":4}}]},"4":{"type":"branch","line":9,"loc":{"start":{"line":9,"column":15},"end":{"line":11,"column":6}},"locations":[{"start":{"line":9,"column":15},"end":{"line":11,"column":6}}]},"5":{"type":"branch","line":17,"loc":{"start":{"line":17,"column":20},"end":{"line":19,"column":9}},"locations":[{"start":{"line":17,"column":20},"end":{"line":19,"column":9}}]}},"b":{"0":[6],"1":[1],"2":[5],"3":[5],"4":[5],"5":[18]},"fnMap":{"0":{"name":"Skills","decl":{"start":{"line":4,"column":15},"end":{"line":27,"column":1}},"loc":{"start":{"line":4,"column":15},"end":{"line":27,"column":1}},"line":4},"1":{"name":"onClick","decl":{"start":{"line":23,"column":31},"end":{"line":23,"column":58}},"loc":{"start":{"line":23,"column":31},"end":{"line":23,"column":58}},"line":23}},"f":{"0":6,"1":0}}
,"D:\\Study_React_2024\\edureka_akash_react_classes\\ReactTesting\\learn-react-testing\\src\\components\\Skills\\Skills.types.ts": {"path":"D:\\Study_React_2024\\edureka_akash_react_classes\\ReactTesting\\learn-react-testing\\src\\components\\Skills\\Skills.types.ts","all":true,"statementMap":{},"s":{},"branchMap":{"0":{"type":"branch","line":1,"loc":{"start":{"line":1,"column":50},"end":{"line":3,"column":1}},"locations":[{"start":{"line":1,"column":50},"end":{"line":3,"column":1}}]}},"b":{"0":[1]},"fnMap":{"0":{"name":"(empty-report)","decl":{"start":{"line":1,"column":50},"end":{"line":3,"column":1}},"loc":{"start":{"line":1,"column":50},"end":{"line":3,"column":1}},"line":1}},"f":{"0":1}}
}
